# JRE version: OpenJDK Runtime Environment Temurin-17.0.9+9 (17.0.9+9) (build 17.0.9+9)
# Java VM: OpenJDK 64-Bit Server VM Temurin-17.0.9+9 (17.0.9+9, mixed mode, emulated-client, tiered, compressed oops, compressed class ptrs, g1 gc, windows-amd64)
GC Precious Log:
 CPUs: 4 total, 4 available
 Memory: 1946M
 Large Page Support: Disabled
 NUMA Support: Disabled
 Compressed Oops: Enabled (32-bit)
 Heap Region Size: 1M
 Heap Min Capacity: 8M
 Heap Initial Capacity: 32M
 Heap Max Capacity: 488M
 Pre-touch: Disabled
 Parallel Workers: 4
 Concurrent Workers: 1
 Concurrent Refinement Workers: 4
 Periodic GC: Disabled
Heap:
 garbage-first heap   total 48128K, used 26758K [0x00000000e1800000, 0x0000000100000000)
  region size 1024K, 7 young (7168K), 2 survivors (2048K)
 Metaspace       used 57232K, committed 57664K, reserved 1114112K
  class space    used 7387K, committed 7616K, reserved 1048576K
GC Heap History (20 events):
Event: 14.781 GC heap before
{Heap before GC invocations=10 (full 0):
 garbage-first heap   total 39936K, used 28024K [0x00000000e1800000, 0x0000000100000000)
  region size 1024K, 18 young (18432K), 3 survivors (3072K)
 Metaspace       used 30226K, committed 30592K, reserved 1114112K
  class space    used 3655K, committed 3840K, reserved 1048576K
}
Event: 14.789 GC heap after
{Heap after GC invocations=11 (full 0):
 garbage-first heap   total 39936K, used 14608K [0x00000000e1800000, 0x0000000100000000)
  region size 1024K, 2 young (2048K), 2 survivors (2048K)
 Metaspace       used 30226K, committed 30592K, reserved 1114112K
  class space    used 3655K, committed 3840K, reserved 1048576K
}
Event: 15.372 GC heap before
{Heap before GC invocations=11 (full 0):
 garbage-first heap   total 39936K, used 27920K [0x00000000e1800000, 0x0000000100000000)
  region size 1024K, 16 young (16384K), 2 survivors (2048K)
 Metaspace       used 32026K, committed 32384K, reserved 1114112K
  class space    used 3910K, committed 4096K, reserved 1048576K
}
Event: 15.378 GC heap after
{Heap after GC invocations=12 (full 0):
 garbage-first heap   total 39936K, used 15402K [0x00000000e1800000, 0x0000000100000000)
  region size 1024K, 2 young (2048K), 2 survivors (2048K)
 Metaspace       used 32026K, committed 32384K, reserved 1114112K
  class space    used 3910K, committed 4096K, reserved 1048576K
}
Event: 15.880 GC heap before
{Heap before GC invocations=12 (full 0):
 garbage-first heap   total 39936K, used 29738K [0x00000000e1800000, 0x0000000100000000)
  region size 1024K, 16 young (16384K), 2 survivors (2048K)
 Metaspace       used 33957K, committed 34432K, reserved 1114112K
  class space    used 4222K, committed 4416K, reserved 1048576K
}
Event: 15.886 GC heap after
{Heap after GC invocations=13 (full 0):
 garbage-first heap   total 39936K, used 16653K [0x00000000e1800000, 0x0000000100000000)
  region size 1024K, 2 young (2048K), 2 survivors (2048K)
 Metaspace       used 33957K, committed 34432K, reserved 1114112K
  class space    used 4222K, committed 4416K, reserved 1048576K
}
Event: 16.275 GC heap before
{Heap before GC invocations=13 (full 0):
 garbage-first heap   total 39936K, used 27917K [0x00000000e1800000, 0x0000000100000000)
  region size 1024K, 14 young (14336K), 2 survivors (2048K)
 Metaspace       used 35694K, committed 36096K, reserved 1114112K
  class space    used 4523K, committed 4672K, reserved 1048576K
}
Event: 16.282 GC heap after
{Heap after GC invocations=14 (full 0):
 garbage-first heap   total 48128K, used 18133K [0x00000000e1800000, 0x0000000100000000)
  region size 1024K, 2 young (2048K), 2 survivors (2048K)
 Metaspace       used 35694K, committed 36096K, reserved 1114112K
  class space    used 4523K, committed 4672K, reserved 1048576K
}
Event: 17.142 GC heap before
{Heap before GC invocations=15 (full 0):
 garbage-first heap   total 48128K, used 35541K [0x00000000e1800000, 0x0000000100000000)
  region size 1024K, 20 young (20480K), 2 survivors (2048K)
 Metaspace       used 38242K, committed 38720K, reserved 1114112K
  class space    used 4847K, committed 5056K, reserved 1048576K
}
Event: 17.148 GC heap after
{Heap after GC invocations=16 (full 0):
 garbage-first heap   total 48128K, used 19401K [0x00000000e1800000, 0x0000000100000000)
  region size 1024K, 3 young (3072K), 3 survivors (3072K)
 Metaspace       used 38242K, committed 38720K, reserved 1114112K
  class space    used 4847K, committed 5056K, reserved 1048576K
}
Event: 17.176 GC heap before
{Heap before GC invocations=16 (full 0):
 garbage-first heap   total 48128K, used 20425K [0x00000000e1800000, 0x0000000100000000)
  region size 1024K, 4 young (4096K), 3 survivors (3072K)
 Metaspace       used 38776K, committed 39232K, reserved 1114112K
  class space    used 4895K, committed 5120K, reserved 1048576K
}
Event: 17.183 GC heap after
{Heap after GC invocations=17 (full 0):
 garbage-first heap   total 48128K, used 19310K [0x00000000e1800000, 0x0000000100000000)
  region size 1024K, 1 young (1024K), 1 survivors (1024K)
 Metaspace       used 38776K, committed 39232K, reserved 1114112K
  class space    used 4895K, committed 5120K, reserved 1048576K
}
Event: 17.795 GC heap before
{Heap before GC invocations=17 (full 0):
 garbage-first heap   total 48128K, used 35694K [0x00000000e1800000, 0x0000000100000000)
  region size 1024K, 18 young (18432K), 1 survivors (1024K)
 Metaspace       used 42532K, committed 43008K, reserved 1114112K
  class space    used 5445K, committed 5696K, reserved 1048576K
}
Event: 17.798 GC heap after
{Heap after GC invocations=18 (full 0):
 garbage-first heap   total 48128K, used 19856K [0x00000000e1800000, 0x0000000100000000)
  region size 1024K, 1 young (1024K), 1 survivors (1024K)
 Metaspace       used 42532K, committed 43008K, reserved 1114112K
  class space    used 5445K, committed 5696K, reserved 1048576K
}
Event: 19.211 GC heap before
{Heap before GC invocations=18 (full 0):
 garbage-first heap   total 48128K, used 36240K [0x00000000e1800000, 0x0000000100000000)
  region size 1024K, 18 young (18432K), 1 survivors (1024K)
 Metaspace       used 47798K, committed 48320K, reserved 1114112K
  class space    used 6113K, committed 6336K, reserved 1048576K
}
Event: 19.215 GC heap after
{Heap after GC invocations=19 (full 0):
 garbage-first heap   total 48128K, used 20596K [0x00000000e1800000, 0x0000000100000000)
  region size 1024K, 2 young (2048K), 2 survivors (2048K)
 Metaspace       used 47798K, committed 48320K, reserved 1114112K
  class space    used 6113K, committed 6336K, reserved 1048576K
}
Event: 20.432 GC heap before
{Heap before GC invocations=19 (full 0):
 garbage-first heap   total 48128K, used 38004K [0x00000000e1800000, 0x0000000100000000)
  region size 1024K, 19 young (19456K), 2 survivors (2048K)
 Metaspace       used 52394K, committed 52992K, reserved 1114112K
  class space    used 6760K, committed 7040K, reserved 1048576K
}
Event: 20.441 GC heap after
{Heap after GC invocations=20 (full 0):
 garbage-first heap   total 48128K, used 21924K [0x00000000e1800000, 0x0000000100000000)
  region size 1024K, 3 young (3072K), 3 survivors (3072K)
 Metaspace       used 52394K, committed 52992K, reserved 1114112K
  class space    used 6760K, committed 7040K, reserved 1048576K
}
Event: 21.139 GC heap before
{Heap before GC invocations=20 (full 0):
 garbage-first heap   total 48128K, used 36260K [0x00000000e1800000, 0x0000000100000000)
  region size 1024K, 18 young (18432K), 3 survivors (3072K)
 Metaspace       used 56002K, committed 56512K, reserved 1114112K
  class space    used 7242K, committed 7488K, reserved 1048576K
}
Event: 21.145 GC heap after
{Heap after GC invocations=21 (full 0):
 garbage-first heap   total 48128K, used 22662K [0x00000000e1800000, 0x0000000100000000)
  region size 1024K, 2 young (2048K), 2 survivors (2048K)
 Metaspace       used 56002K, committed 56512K, reserved 1114112K
  class space    used 7242K, committed 7488K, reserved 1048576K
}

